MyHARwatchproject/HARLib/build/outputs/logs/manifest-merger-debug-report.txt
-- Merging decision tree log ---
manifest
ADDED from src/main/AndroidManifest.xml:1:1-15:12
INJECTED from src/main/AndroidManifest.xml:1:1-15:12
INJECTED from src/main/AndroidManifest.xml:1:1-15:12
INJECTED from src/main/AndroidManifest.xml:1:1-15:12
INJECTED from src/main/AndroidManifest.xml:1:1-15:12
INJECTED from src/main/AndroidManifest.xml:1:1-15:12
INJECTED from src/main/AndroidManifest.xml:1:1-15:12
	package
		ADDED from src/main/AndroidManifest.xml:2:5-31
		INJECTED from src/main/AndroidManifest.xml
		INJECTED from src/main/AndroidManifest.xml
	android:versionName
		ADDED from src/main/AndroidManifest.xml:4:5-30
		INJECTED from src/main/AndroidManifest.xml
		INJECTED from src/main/AndroidManifest.xml
	xmlns:android
		ADDED from src/main/AndroidManifest.xml:1:11-69
	android:versionCode
		ADDED from src/main/AndroidManifest.xml:3:5-28
		INJECTED from src/main/AndroidManifest.xml
		INJECTED from src/main/AndroidManifest.xml
uses-sdk
ADDED from src/main/AndroidManifest.xml:6:5-47
INJECTED from src/main/AndroidManifest.xml:6:5-47
INJECTED from src/main/AndroidManifest.xml:6:5-47
INJECTED from src/main/AndroidManifest.xml:6:5-47
INJECTED from src/main/AndroidManifest.xml:6:5-47
	android:targetSdkVersion
		ADDED from src/main/AndroidManifest.xml:6:15-44
		INJECTED from src/main/AndroidManifest.xml
		INJECTED from src/main/AndroidManifest.xml
	android:minSdkVersion
		INJECTED from src/main/AndroidManifest.xml
		ADDED from src/main/AndroidManifest.xml:6:5-47
		INJECTED from src/main/AndroidManifest.xml
uses-permission#android.permission.ACCESS_FINE_LOCATION
ADDED from src/main/AndroidManifest.xml:7:5-78
	android:name
		ADDED from src/main/AndroidManifest.xml:7:22-76
uses-permission#android.permission.ACCESS_COARSE_LOCATION
ADDED from src/main/AndroidManifest.xml:8:5-81
	android:name
		ADDED from src/main/AndroidManifest.xml:8:22-78
uses-permission#android.permission.READ_PHONE_STATE
ADDED from src/main/AndroidManifest.xml:9:5-75
	android:name
		ADDED from src/main/AndroidManifest.xml:9:22-72
application
ADDED from src/main/AndroidManifest.xml:11:5-13:19
	android:allowBackup
		ADDED from src/main/AndroidManifest.xml:12:9-35